#
# There is insufficient memory for the Java Runtime Environment to continue.
# Native memory allocation (malloc) failed to allocate 1249712 bytes for Chunk::new
# Possible reasons:
#   The system is out of physical RAM or swap space
#   The process is running with CompressedOops enabled, and the Java Heap may be blocking the growth of the native heap
# Possible solutions:
#   Reduce memory load on the system
#   Increase physical memory or swap space
#   Check if swap backing store is full
#   Decrease Java heap size (-Xmx/-Xms)
#   Decrease number of Java threads
#   Decrease Java thread stack sizes (-Xss)
#   Set larger code cache with -XX:ReservedCodeCacheSize=
#   JVM is running with Unscaled Compressed Oops mode in which the Java heap is
#     placed in the first 4GB address space. The Java Heap base address is the
#     maximum limit for the native heap growth. Please use -XX:HeapBaseMinAddress
#     to set the Java Heap base and to place the Java Heap above 4GB virtual address.
# This output file may be truncated or incomplete.
#
#  Out of Memory Error (allocation.cpp:389), pid=5460, tid=0x00000000000057d8
#
# JRE version: OpenJDK Runtime Environment (8.0_212-b04) (build 1.8.0_212-release-1586-b04)
# Java VM: OpenJDK 64-Bit Server VM (25.212-b04 mixed mode windows-amd64 compressed oops)
# Failed to write core dump. Minidumps are not enabled by default on client versions of Windows
#

---------------  T H R E A D  ---------------

Current thread (0x000000001840a000):  JavaThread "C2 CompilerThread0" daemon [_thread_in_native, id=22488, stack(0x0000000018ce0000,0x0000000018de0000)]

Stack: [0x0000000018ce0000,0x0000000018de0000]
[error occurred during error reporting (printing stack bounds), id 0xc0000005]

Native frames: (J=compiled Java code, j=interpreted, Vv=VM code, C=native code)


Current CompileTask:
C2:  22583 12214       4       com.android.tools.r8.ir.optimize.Z::a (1301 bytes)


---------------  P R O C E S S  ---------------

Java Threads: ( => current thread )
  0x0000000021de2800 JavaThread "Cache worker for Java compile cache (D:\uni stuff\APT\project\Search\.gradle\5.6.4\javaCompile)" [_thread_blocked, id=16316, stack(0x0000000026370000,0x0000000026470000)]
  0x0000000021de1800 JavaThread "Cache worker for Java compile cache (C:\Users\Huawei\.gradle\caches\5.6.4\javaCompile)" [_thread_blocked, id=13528, stack(0x0000000025010000,0x0000000025110000)]
  0x0000000021de5800 JavaThread "Cache worker for execution history cache (D:\uni stuff\APT\project\Search\.gradle\5.6.4\executionHistory)" [_thread_blocked, id=10500, stack(0x00000000264e0000,0x00000000265e0000)]
  0x0000000021de6000 JavaThread "Execution worker for ':' Thread 7" [_thread_in_Java, id=15964, stack(0x0000000024f10000,0x0000000025010000)]
  0x00000000209c8000 JavaThread "Execution worker for ':' Thread 6" [_thread_in_Java, id=20408, stack(0x0000000024e10000,0x0000000024f10000)]
  0x00000000209c6800 JavaThread "Execution worker for ':' Thread 5" [_thread_in_Java, id=19216, stack(0x0000000024d10000,0x0000000024e10000)]
  0x00000000209cb000 JavaThread "Execution worker for ':' Thread 4" [_thread_in_Java, id=18688, stack(0x0000000024c10000,0x0000000024d10000)]
  0x00000000209c7800 JavaThread "Execution worker for ':' Thread 3" [_thread_in_Java, id=9552, stack(0x0000000024b10000,0x0000000024c10000)]
  0x00000000209cc000 JavaThread "Execution worker for ':' Thread 2" [_thread_in_Java, id=18428, stack(0x0000000024a10000,0x0000000024b10000)]
  0x00000000209ca800 JavaThread "Execution worker for ':'" [_thread_in_native, id=16084, stack(0x00000000246f0000,0x00000000247f0000)]
  0x00000000209c9800 JavaThread "Cache worker for file content cache (D:\uni stuff\APT\project\Search\.gradle\5.6.4\fileContent)" [_thread_blocked, id=10712, stack(0x00000000241f0000,0x00000000242f0000)]
  0x00000000209c9000 JavaThread "Cache worker for file content cache (C:\Users\Huawei\.gradle\caches\5.6.4\fileContent)" [_thread_blocked, id=1132, stack(0x0000000023a70000,0x0000000023b70000)]
  0x00000000209bf000 JavaThread "Memory manager" [_thread_blocked, id=21840, stack(0x0000000023820000,0x0000000023920000)]
  0x00000000209c5000 JavaThread "Cache worker for Build Output Cleanup Cache (D:\uni stuff\APT\project\Search\.gradle\buildOutputCleanup)" [_thread_blocked, id=14112, stack(0x0000000023970000,0x0000000023a70000)]
  0x00000000209bd800 JavaThread "pool-1-thread-1" [_thread_blocked, id=19764, stack(0x0000000023320000,0x0000000023420000)]
  0x00000000209c4800 JavaThread "Build operations Thread 8" [_thread_blocked, id=21700, stack(0x0000000022e20000,0x0000000022f20000)]
  0x00000000209c3800 JavaThread "Build operations Thread 7" [_thread_blocked, id=5796, stack(0x0000000022d20000,0x0000000022e20000)]
  0x00000000209c1800 JavaThread "Build operations Thread 6" [_thread_blocked, id=18120, stack(0x0000000022c20000,0x0000000022d20000)]
  0x00000000209be800 JavaThread "Build operations Thread 5" [_thread_blocked, id=17080, stack(0x0000000022b20000,0x0000000022c20000)]
  0x00000000209bd000 JavaThread "Build operations Thread 4" [_thread_blocked, id=10864, stack(0x0000000022a20000,0x0000000022b20000)]
  0x00000000209c0800 JavaThread "Build operations Thread 3" [_thread_blocked, id=10304, stack(0x0000000022920000,0x0000000022a20000)]
  0x00000000209c0000 JavaThread "Build operations Thread 2" [_thread_blocked, id=21448, stack(0x0000000022820000,0x0000000022920000)]
  0x00000000209c3000 JavaThread "Build operations" [_thread_blocked, id=13696, stack(0x0000000022520000,0x0000000022620000)]
  0x0000000019d80800 JavaThread "Cache worker for execution history cache (C:\Users\Huawei\.gradle\caches\5.6.4\executionHistory)" [_thread_blocked, id=5912, stack(0x0000000020fd0000,0x00000000210d0000)]
  0x0000000019d81000 JavaThread "Cache worker for cache directory md-rule (C:\Users\Huawei\.gradle\caches\5.6.4\md-rule)" [_thread_blocked, id=21248, stack(0x0000000020ed0000,0x0000000020fd0000)]
  0x0000000019d85000 JavaThread "Cache worker for cache directory md-supplier (C:\Users\Huawei\.gradle\caches\5.6.4\md-supplier)" [_thread_blocked, id=17960, stack(0x0000000020dd0000,0x0000000020ed0000)]
  0x0000000019d82800 JavaThread "Cache worker for file hash cache (D:\uni stuff\APT\project\Search\.gradle\5.6.4\fileHashes)" [_thread_blocked, id=22016, stack(0x000000001f4a0000,0x000000001f5a0000)]
  0x0000000019d7e000 JavaThread "Cache worker for journal cache (C:\Users\Huawei\.gradle\caches\journal-1)" [_thread_blocked, id=19460, stack(0x000000001d000000,0x000000001d100000)]
  0x0000000019d7f800 JavaThread "File lock request listener" [_thread_in_native, id=21072, stack(0x000000001cf00000,0x000000001d000000)]
  0x0000000019ddc800 JavaThread "Cache worker for file hash cache (C:\Users\Huawei\.gradle\caches\5.6.4\fileHashes)" [_thread_blocked, id=15168, stack(0x000000001ce00000,0x000000001cf00000)]
  0x000000001ae13800 JavaThread "Thread-9" [_thread_blocked, id=14800, stack(0x000000001cd00000,0x000000001ce00000)]
  0x000000001ae91800 JavaThread "Stdin handler" [_thread_blocked, id=12864, stack(0x000000001cc00000,0x000000001cd00000)]
  0x000000001ae4d800 JavaThread "Asynchronous log dispatcher for DefaultDaemonConnection: socket connection from /127.0.0.1:52215 to /127.0.0.1:52216" [_thread_blocked, id=5232, stack(0x000000001ca00000,0x000000001cb00000)]
  0x000000001ae8e800 JavaThread "Daemon worker" [_thread_in_Java, id=18252, stack(0x000000001c900000,0x000000001ca00000)]
  0x000000001ae32000 JavaThread "Cancel handler" [_thread_blocked, id=3652, stack(0x000000001c800000,0x000000001c900000)]
  0x000000001adf0800 JavaThread "Handler for socket connection from /127.0.0.1:52215 to /127.0.0.1:52216" [_thread_in_native, id=1836, stack(0x000000001c500000,0x000000001c600000)]
  0x000000001addf000 JavaThread "Daemon" [_thread_blocked, id=5192, stack(0x000000001c400000,0x000000001c500000)]
  0x000000001ad5b000 JavaThread "Daemon periodic checks" [_thread_blocked, id=17056, stack(0x000000001c300000,0x000000001c400000)]
  0x000000001ad50000 JavaThread "Incoming local TCP Connector on port 52215" [_thread_in_native, id=10264, stack(0x000000001c0c0000,0x000000001c1c0000)]
  0x00000000186cb000 JavaThread "Daemon health stats" [_thread_blocked, id=11728, stack(0x000000001ba80000,0x000000001bb80000)]
  0x00000000184aa000 JavaThread "Service Thread" daemon [_thread_blocked, id=12736, stack(0x00000000190e0000,0x00000000191e0000)]
  0x000000001841c800 JavaThread "C1 CompilerThread3" daemon [_thread_blocked, id=6532, stack(0x0000000018fe0000,0x00000000190e0000)]
  0x0000000018415800 JavaThread "C2 CompilerThread2" daemon [_thread_in_native, id=18968, stack(0x0000000018ee0000,0x0000000018fe0000)]
  0x000000001840b800 JavaThread "C2 CompilerThread1" daemon [_thread_in_native, id=11836, stack(0x0000000018de0000,0x0000000018ee0000)]
=>0x000000001840a000 JavaThread "C2 CompilerThread0" daemon [_thread_in_native, id=22488, stack(0x0000000018ce0000,0x0000000018de0000)]
  0x0000000018409000 JavaThread "Attach Listener" daemon [_thread_blocked, id=19112, stack(0x0000000018be0000,0x0000000018ce0000)]
  0x0000000018406000 JavaThread "Signal Dispatcher" daemon [_thread_blocked, id=10960, stack(0x0000000018ae0000,0x0000000018be0000)]
  0x0000000018401000 JavaThread "Finalizer" daemon [_thread_blocked, id=15424, stack(0x00000000188e0000,0x00000000189e0000)]
  0x0000000018400800 JavaThread "Reference Handler" daemon [_thread_blocked, id=20456, stack(0x00000000187e0000,0x00000000188e0000)]
  0x0000000002742800 JavaThread "main" [_thread_blocked, id=19900, stack(0x0000000002640000,0x0000000002740000)]

Other Threads:
  0x0000000016616800 VMThread [stack: 0x00000000182e0000,0x00000000183e0000] [id=14956]
  0x000000001845d000 WatcherThread [stack: 0x00000000191e0000,0x00000000192e0000] [id=11972]

VM state:not at safepoint (normal execution)

VM Mutex/Monitor currently owned by a thread: None

heap address: 0x00000000a0000000, size: 1536 MB, Compressed Oops mode: 32-bit
Narrow klass base: 0x0000000000000000, Narrow klass shift: 3
Compressed class space size: 1073741824 Address: 0x0000000100000000

Heap:
 PSYoungGen      total 457728K, used 385281K [0x00000000e0000000, 0x00000000fe880000, 0x0000000100000000)
  eden space 416256K, 88% used [0x00000000e0000000,0x00000000f69ae300,0x00000000f9680000)
  from space 41472K, 35% used [0x00000000fc000000,0x00000000fce923a8,0x00000000fe880000)
  to   space 41984K, 0% used [0x00000000f9680000,0x00000000f9680000,0x00000000fbf80000)
 ParOldGen       total 299008K, used 154339K [0x00000000a0000000, 0x00000000b2400000, 0x00000000e0000000)
  object space 299008K, 51% used [0x00000000a0000000,0x00000000a96b8c10,0x00000000b2400000)
 Metaspace       used 75438K, capacity 78492K, committed 79832K, reserved 1118208K
  class space    used 10208K, capacity 10859K, committed 11224K, reserved 1048576K

Card table byte_map: [0x0000000011c00000,0x0000000011f10000] byte_map_base: 0x0000000011700000

Marking Bits: (ParMarkBitMap*) 0x000000005dac9f30
 Begin Bits: [0x0000000012910000, 0x0000000014110000)
 End Bits:   [0x0000000014110000, 0x0000000015910000)

Polling page: 0x00000000005e0000

CodeCache: size=245760Kb used=34983Kb max_used=35577Kb free=210776Kb
 bounds [0x0000000002840000, 0x0000000004b40000, 0x0000000011840000]
 total_blobs=11817 nmethods=10990 adapters=737
 compilation: enabled

Compilation events (10 events):
Event: 22.528 Thread 0x000000001841c800 13183       2       com.android.tools.r8.u.b.Q0::a (87 bytes)
Event: 22.529 Thread 0x000000001841c800 nmethod 13183 0x00000000041cd110 code [0x00000000041cd320, 0x00000000041cd758]
Event: 22.533 Thread 0x000000001841c800 13184       1       com.android.tools.r8.u.b.Q0::i0 (2 bytes)
Event: 22.533 Thread 0x000000001841c800 nmethod 13184 0x0000000003455150 code [0x00000000034552a0, 0x00000000034553b0]
Event: 22.536 Thread 0x000000001841c800 13185       2       com.android.tools.r8.graph.r::equals (60 bytes)
Event: 22.537 Thread 0x000000001841c800 nmethod 13185 0x0000000003ccbf10 code [0x0000000003ccc080, 0x0000000003ccc2b0]
Event: 22.555 Thread 0x000000001841c800 13187       2       com.android.tools.r8.u.b.h0::F2 (7 bytes)
Event: 22.556 Thread 0x000000001841c800 nmethod 13187 0x0000000004208710 code [0x0000000004208860, 0x00000000042089d0]
Event: 22.561 Thread 0x000000001841c800 13188       2       com.android.tools.r8.u.b.c0::a (55 bytes)
Event: 22.562 Thread 0x000000001841c800 nmethod 13188 0x00000000040c3590 code [0x00000000040c3760, 0x00000000040c3b68]

GC Heap History (10 events):
Event: 19.740 GC heap before
{Heap before GC invocations=24 (full 4):
 PSYoungGen      total 288768K, used 255483K [0x00000000e0000000, 0x00000000f6a80000, 0x0000000100000000)
  eden space 243200K, 100% used [0x00000000e0000000,0x00000000eed80000,0x00000000eed80000)
  from space 45568K, 26% used [0x00000000eed80000,0x00000000ef97ef40,0x00000000f1a00000)
  to   space 43520K, 0% used [0x00000000f4000000,0x00000000f4000000,0x00000000f6a80000)
 ParOldGen       total 299008K, used 126960K [0x00000000a0000000, 0x00000000b2400000, 0x00000000e0000000)
  object space 299008K, 42% used [0x00000000a0000000,0x00000000a7bfc0c8,0x00000000b2400000)
 Metaspace       used 74541K, capacity 77544K, committed 78936K, reserved 1118208K
  class space    used 10125K, capacity 10781K, committed 11096K, reserved 1048576K
Event: 19.767 GC heap after
Heap after GC invocations=24 (full 4):
 PSYoungGen      total 328704K, used 21189K [0x00000000e0000000, 0x00000000f6c80000, 0x0000000100000000)
  eden space 285184K, 0% used [0x00000000e0000000,0x00000000e0000000,0x00000000f1680000)
  from space 43520K, 48% used [0x00000000f4000000,0x00000000f54b1780,0x00000000f6a80000)
  to   space 42496K, 0% used [0x00000000f1680000,0x00000000f1680000,0x00000000f4000000)
 ParOldGen       total 299008K, used 126960K [0x00000000a0000000, 0x00000000b2400000, 0x00000000e0000000)
  object space 299008K, 42% used [0x00000000a0000000,0x00000000a7bfc0c8,0x00000000b2400000)
 Metaspace       used 74541K, capacity 77544K, committed 78936K, reserved 1118208K
  class space    used 10125K, capacity 10781K, committed 11096K, reserved 1048576K
}
Event: 20.250 GC heap before
{Heap before GC invocations=25 (full 4):
 PSYoungGen      total 328704K, used 306373K [0x00000000e0000000, 0x00000000f6c80000, 0x0000000100000000)
  eden space 285184K, 100% used [0x00000000e0000000,0x00000000f1680000,0x00000000f1680000)
  from space 43520K, 48% used [0x00000000f4000000,0x00000000f54b1780,0x00000000f6a80000)
  to   space 42496K, 0% used [0x00000000f1680000,0x00000000f1680000,0x00000000f4000000)
 ParOldGen       total 299008K, used 126960K [0x00000000a0000000, 0x00000000b2400000, 0x00000000e0000000)
  object space 299008K, 42% used [0x00000000a0000000,0x00000000a7bfc0c8,0x00000000b2400000)
 Metaspace       used 74622K, capacity 77624K, committed 78936K, reserved 1118208K
  class space    used 10126K, capacity 10781K, committed 11096K, reserved 1048576K
Event: 20.279 GC heap after
Heap after GC invocations=25 (full 4):
 PSYoungGen      total 327680K, used 28209K [0x00000000e0000000, 0x00000000fa400000, 0x0000000100000000)
  eden space 285184K, 0% used [0x00000000e0000000,0x00000000e0000000,0x00000000f1680000)
  from space 42496K, 66% used [0x00000000f1680000,0x00000000f320c5b8,0x00000000f4000000)
  to   space 44544K, 0% used [0x00000000f7880000,0x00000000f7880000,0x00000000fa400000)
 ParOldGen       total 299008K, used 126968K [0x00000000a0000000, 0x00000000b2400000, 0x00000000e0000000)
  object space 299008K, 42% used [0x00000000a0000000,0x00000000a7bfe0c8,0x00000000b2400000)
 Metaspace       used 74622K, capacity 77624K, committed 78936K, reserved 1118208K
  class space    used 10126K, capacity 10781K, committed 11096K, reserved 1048576K
}
Event: 20.747 GC heap before
{Heap before GC invocations=26 (full 4):
 PSYoungGen      total 327680K, used 313393K [0x00000000e0000000, 0x00000000fa400000, 0x0000000100000000)
  eden space 285184K, 100% used [0x00000000e0000000,0x00000000f1680000,0x00000000f1680000)
  from space 42496K, 66% used [0x00000000f1680000,0x00000000f320c5b8,0x00000000f4000000)
  to   space 44544K, 0% used [0x00000000f7880000,0x00000000f7880000,0x00000000fa400000)
 ParOldGen       total 299008K, used 126968K [0x00000000a0000000, 0x00000000b2400000, 0x00000000e0000000)
  object space 299008K, 42% used [0x00000000a0000000,0x00000000a7bfe0c8,0x00000000b2400000)
 Metaspace       used 74716K, capacity 77712K, committed 79192K, reserved 1118208K
  class space    used 10131K, capacity 10783K, committed 11096K, reserved 1048576K
Event: 20.791 GC heap after
Heap after GC invocations=26 (full 4):
 PSYoungGen      total 385024K, used 27481K [0x00000000e0000000, 0x00000000fab00000, 0x0000000100000000)
  eden space 340480K, 0% used [0x00000000e0000000,0x00000000e0000000,0x00000000f4c80000)
  from space 44544K, 61% used [0x00000000f7880000,0x00000000f93567d8,0x00000000fa400000)
  to   space 45056K, 0% used [0x00000000f4c80000,0x00000000f4c80000,0x00000000f7880000)
 ParOldGen       total 299008K, used 130196K [0x00000000a0000000, 0x00000000b2400000, 0x00000000e0000000)
  object space 299008K, 43% used [0x00000000a0000000,0x00000000a7f25320,0x00000000b2400000)
 Metaspace       used 74716K, capacity 77712K, committed 79192K, reserved 1118208K
  class space    used 10131K, capacity 10783K, committed 11096K, reserved 1048576K
}
Event: 21.349 GC heap before
{Heap before GC invocations=27 (full 4):
 PSYoungGen      total 385024K, used 367961K [0x00000000e0000000, 0x00000000fab00000, 0x0000000100000000)
  eden space 340480K, 100% used [0x00000000e0000000,0x00000000f4c80000,0x00000000f4c80000)
  from space 44544K, 61% used [0x00000000f7880000,0x00000000f93567d8,0x00000000fa400000)
  to   space 45056K, 0% used [0x00000000f4c80000,0x00000000f4c80000,0x00000000f7880000)
 ParOldGen       total 299008K, used 130196K [0x00000000a0000000, 0x00000000b2400000, 0x00000000e0000000)
  object space 299008K, 43% used [0x00000000a0000000,0x00000000a7f25320,0x00000000b2400000)
 Metaspace       used 75000K, capacity 78008K, committed 79320K, reserved 1118208K
  class space    used 10162K, capacity 10831K, committed 11224K, reserved 1048576K
Event: 21.383 GC heap after
Heap after GC invocations=27 (full 4):
 PSYoungGen      total 385536K, used 21733K [0x00000000e0000000, 0x00000000fea80000, 0x0000000100000000)
  eden space 340480K, 0% used [0x00000000e0000000,0x00000000e0000000,0x00000000f4c80000)
  from space 45056K, 48% used [0x00000000f4c80000,0x00000000f61b97d8,0x00000000f7880000)
  to   space 43520K, 0% used [0x00000000fc000000,0x00000000fc000000,0x00000000fea80000)
 ParOldGen       total 299008K, used 141864K [0x00000000a0000000, 0x00000000b2400000, 0x00000000e0000000)
  object space 299008K, 47% used [0x00000000a0000000,0x00000000a8a8a170,0x00000000b2400000)
 Metaspace       used 75000K, capacity 78008K, committed 79320K, reserved 1118208K
  class space    used 10162K, capacity 10831K, committed 11224K, reserved 1048576K
}
Event: 21.952 GC heap before
{Heap before GC invocations=28 (full 4):
 PSYoungGen      total 385536K, used 362213K [0x00000000e0000000, 0x00000000fea80000, 0x0000000100000000)
  eden space 340480K, 100% used [0x00000000e0000000,0x00000000f4c80000,0x00000000f4c80000)
  from space 45056K, 48% used [0x00000000f4c80000,0x00000000f61b97d8,0x00000000f7880000)
  to   space 43520K, 0% used [0x00000000fc000000,0x00000000fc000000,0x00000000fea80000)
 ParOldGen       total 299008K, used 141864K [0x00000000a0000000, 0x00000000b2400000, 0x00000000e0000000)
  object space 299008K, 47% used [0x00000000a0000000,0x00000000a8a8a170,0x00000000b2400000)
 Metaspace       used 75341K, capacity 78368K, committed 79576K, reserved 1118208K
  class space    used 10204K, capacity 10853K, committed 11224K, reserved 1048576K
Event: 21.989 GC heap after
Heap after GC invocations=28 (full 4):
 PSYoungGen      total 457728K, used 14920K [0x00000000e0000000, 0x00000000fe880000, 0x0000000100000000)
  eden space 416256K, 0% used [0x00000000e0000000,0x00000000e0000000,0x00000000f9680000)
  from space 41472K, 35% used [0x00000000fc000000,0x00000000fce923a8,0x00000000fe880000)
  to   space 41984K, 0% used [0x00000000f9680000,0x00000000f9680000,0x00000000fbf80000)
 ParOldGen       total 299008K, used 154339K [0x00000000a0000000, 0x00000000b2400000, 0x00000000e0000000)
  object space 299008K, 51% used [0x00000000a0000000,0x00000000a96b8c10,0x00000000b2400000)
 Metaspace       used 75341K, capacity 78368K, committed 79576K, reserved 1118208K
  class space    used 10204K, capacity 10853K, committed 11224K, reserved 1048576K
}

Deoptimization events (10 events):
Event: 21.511 Thread 0x00000000209c8000 Uncommon trap: reason=class_check action=maybe_recompile pc=0x0000000002d87738 method=java.util.zip.InflaterInputStream.read([BII)I @ 100
Event: 21.511 Thread 0x00000000209c8000 Uncommon trap: reason=class_check action=maybe_recompile pc=0x0000000002d87738 method=java.util.zip.InflaterInputStream.read([BII)I @ 100
Event: 21.511 Thread 0x00000000209c8000 Uncommon trap: reason=class_check action=maybe_recompile pc=0x0000000002d87738 method=java.util.zip.InflaterInputStream.read([BII)I @ 100
Event: 21.518 Thread 0x00000000209c8000 Uncommon trap: reason=unstable_if action=reinterpret pc=0x0000000003807afc method=org.objectweb.asm.AnnotationWriter.putAnnotations(Lorg/objectweb/asm/SymbolTable;Lorg/objectweb/asm/AnnotationWriter;Lorg/objectweb/asm/AnnotationWriter;Lorg/objectweb/asm/A
Event: 21.724 Thread 0x0000000021de6000 Uncommon trap: reason=unstable_if action=reinterpret pc=0x0000000003c27404 method=org.objectweb.asm.ClassReader.readUtf(II[C)Ljava/lang/String; @ 41
Event: 21.725 Thread 0x0000000021de6000 Uncommon trap: reason=unstable_if action=reinterpret pc=0x0000000002e82aac method=org.objectweb.asm.ByteVector.putInt(I)Lorg/objectweb/asm/ByteVector; @ 13
Event: 21.840 Thread 0x00000000209cc000 Uncommon trap: reason=unstable_if action=reinterpret pc=0x00000000045d3310 method=com.android.tools.r8.graph.d0.a([C)I @ 121
Event: 21.901 Thread 0x0000000021de6000 Uncommon trap: reason=class_check action=maybe_recompile pc=0x0000000004ab7ed4 method=com.android.tools.r8.u.c.M.k(I)V @ 9
Event: 22.335 Thread 0x00000000209c6800 Uncommon trap: reason=unstable_if action=reinterpret pc=0x000000000416e958 method=com.android.tools.r8.graph.s0$b.a(ILjava/lang/String;Ljava/lang/String;Ljava/lang/String;[Ljava/lang/String;)Lcom/android/tools/r8/B/a/a/u; @ 40
Event: 22.531 Thread 0x00000000209cb000 Uncommon trap: reason=unstable_if action=reinterpret pc=0x00000000047b5bc8 method=com.android.tools.r8.graph.r.equals(Ljava/lang/Object;)Z @ 40

Classes redefined (0 events):
No events

Internal exceptions (10 events):
Event: 21.581 Thread 0x0000000021de6000 Exception <a 'sun/nio/fs/WindowsException'> (0x00000000e59ab7f0) thrown at [D:\src\AOSP-openjdk-cygwin\jdk8u\hotspot\src\share\vm\prims\jni.cpp, line 710]
Event: 21.754 Thread 0x00000000209c8000 Exception <a 'sun/nio/fs/WindowsException'> (0x00000000ed0457d0) thrown at [D:\src\AOSP-openjdk-cygwin\jdk8u\hotspot\src\share\vm\prims\jni.cpp, line 710]
Event: 21.820 Thread 0x00000000209c8000 Exception <a 'sun/nio/fs/WindowsException'> (0x00000000eff001c8) thrown at [D:\src\AOSP-openjdk-cygwin\jdk8u\hotspot\src\share\vm\prims\jni.cpp, line 710]
Event: 21.859 Thread 0x0000000021de6000 Exception <a 'sun/nio/fs/WindowsException'> (0x00000000f152bb80) thrown at [D:\src\AOSP-openjdk-cygwin\jdk8u\hotspot\src\share\vm\prims\jni.cpp, line 710]
Event: 22.115 Thread 0x00000000209ca800 Exception <a 'sun/nio/fs/WindowsException'> (0x00000000e3b94478) thrown at [D:\src\AOSP-openjdk-cygwin\jdk8u\hotspot\src\share\vm\prims\jni.cpp, line 710]
Event: 22.126 Thread 0x00000000209c8000 Exception <a 'sun/nio/fs/WindowsException'> (0x00000000e438e938) thrown at [D:\src\AOSP-openjdk-cygwin\jdk8u\hotspot\src\share\vm\prims\jni.cpp, line 710]
Event: 22.137 Thread 0x00000000209c8000 Exception <a 'sun/nio/fs/WindowsException'> (0x00000000e5502d18) thrown at [D:\src\AOSP-openjdk-cygwin\jdk8u\hotspot\src\share\vm\prims\jni.cpp, line 710]
Event: 22.183 Thread 0x0000000021de6000 Exception <a 'sun/nio/fs/WindowsException'> (0x00000000e73a2930) thrown at [D:\src\AOSP-openjdk-cygwin\jdk8u\hotspot\src\share\vm\prims\jni.cpp, line 710]
Event: 22.409 Thread 0x00000000209c8000 Exception <a 'sun/nio/fs/WindowsException'> (0x00000000eed80f68) thrown at [D:\src\AOSP-openjdk-cygwin\jdk8u\hotspot\src\share\vm\prims\jni.cpp, line 710]
Event: 22.496 Thread 0x0000000021de6000 Exception <a 'sun/nio/fs/WindowsException'> (0x00000000f266a4e8) thrown at [D:\src\AOSP-openjdk-cygwin\jdk8u\hotspot\src\share\vm\prims\jni.cpp, line 710]

Events (10 events):
Event: 22.480 loading class com/android/tools/r8/u/b/d0 done
Event: 22.503 Thread 0x00000000209c6800 DEOPT PACKING pc=0x00000000042b08f6 sp=0x0000000024e0b1b0
Event: 22.503 Thread 0x00000000209c6800 DEOPT UNPACKING pc=0x00000000028875d0 sp=0x0000000024e0b088 mode 0
Event: 22.507 Thread 0x0000000021de6000 DEOPT PACKING pc=0x00000000049702d4 sp=0x000000002500b7e0
Event: 22.507 Thread 0x0000000021de6000 DEOPT UNPACKING pc=0x00000000028875d0 sp=0x000000002500b548 mode 0
Event: 22.531 Thread 0x00000000209cb000 Uncommon trap: trap_request=0xffffff65 fr.pc=0x00000000047b5bc8
Event: 22.531 Thread 0x00000000209cb000 DEOPT PACKING pc=0x00000000047b5bc8 sp=0x0000000024d0a4e0
Event: 22.531 Thread 0x00000000209cb000 DEOPT UNPACKING pc=0x000000000288557b sp=0x0000000024d0a480 mode 2
Event: 22.559 Thread 0x0000000021de6000 DEOPT PACKING pc=0x00000000042b08f6 sp=0x000000002500acf0
Event: 22.559 Thread 0x0000000021de6000 DEOPT UNPACKING pc=0x00000000028875d0 sp=0x000000002500abc8 mode 0


Dynamic libraries:
0x00007ff641a90000 - 0x00007ff641ac1000 	D:\Program Files\Android\Android Studio\jre\bin\java.exe
0x00007fff01820000 - 0x00007fff01a10000 	C:\WINDOWS\SYSTEM32\ntdll.dll
0x00007fff00580000 - 0x00007fff00632000 	C:\WINDOWS\System32\KERNEL32.DLL
0x00007ffefe7e0000 - 0x00007ffefea84000 	C:\WINDOWS\System32\KERNELBASE.dll
0x00007fff015e0000 - 0x00007fff01683000 	C:\WINDOWS\System32\ADVAPI32.dll
0x00007fff00f10000 - 0x00007fff00fae000 	C:\WINDOWS\System32\msvcrt.dll
0x00007fff014c0000 - 0x00007fff01557000 	C:\WINDOWS\System32\sechost.dll
0x00007fff002f0000 - 0x00007fff00410000 	C:\WINDOWS\System32\RPCRT4.dll
0x00007fff00150000 - 0x00007fff002e4000 	C:\WINDOWS\System32\USER32.dll
0x00007ffefed30000 - 0x00007ffefed51000 	C:\WINDOWS\System32\win32u.dll
0x00007fff00e10000 - 0x00007fff00e36000 	C:\WINDOWS\System32\GDI32.dll
0x00007ffeff680000 - 0x00007ffeff814000 	C:\WINDOWS\System32\gdi32full.dll
0x00007ffefede0000 - 0x00007ffefee7e000 	C:\WINDOWS\System32\msvcp_win.dll
0x00007ffefec30000 - 0x00007ffefed2a000 	C:\WINDOWS\System32\ucrtbase.dll
0x00007ffee9560000 - 0x00007ffee97e4000 	C:\WINDOWS\WinSxS\amd64_microsoft.windows.common-controls_6595b64144ccf1df_6.0.18362.836_none_e6c4b943130f18ed\COMCTL32.dll
0x00007ffeffe10000 - 0x00007fff00146000 	C:\WINDOWS\System32\combase.dll
0x00007ffeff600000 - 0x00007ffeff680000 	C:\WINDOWS\System32\bcryptPrimitives.dll
0x00007fff00550000 - 0x00007fff0057e000 	C:\WINDOWS\System32\IMM32.DLL
0x000000005de80000 - 0x000000005df52000 	D:\Program Files\Android\Android Studio\jre\jre\bin\msvcr100.dll
0x000000005d300000 - 0x000000005db46000 	D:\Program Files\Android\Android Studio\jre\jre\bin\server\jvm.dll
0x00007fff014a0000 - 0x00007fff014a8000 	C:\WINDOWS\System32\PSAPI.DLL
0x00007ffee9080000 - 0x00007ffee9089000 	C:\WINDOWS\SYSTEM32\WSOCK32.dll
0x00007ffefaa50000 - 0x00007ffefaa74000 	C:\WINDOWS\SYSTEM32\WINMM.dll
0x00007ffef3ba0000 - 0x00007ffef3baa000 	C:\WINDOWS\SYSTEM32\VERSION.dll
0x00007ffeffc40000 - 0x00007ffeffcaf000 	C:\WINDOWS\System32\WS2_32.dll
0x00007ffefaa20000 - 0x00007ffefaa4d000 	C:\WINDOWS\SYSTEM32\winmmbase.dll
0x00007ffefea90000 - 0x00007ffefeada000 	C:\WINDOWS\System32\cfgmgr32.dll
0x00007ffef8260000 - 0x00007ffef826f000 	D:\Program Files\Android\Android Studio\jre\jre\bin\verify.dll
0x00007ffedea30000 - 0x00007ffedea59000 	D:\Program Files\Android\Android Studio\jre\jre\bin\java.dll
0x00007ffedec40000 - 0x00007ffedec56000 	D:\Program Files\Android\Android Studio\jre\jre\bin\zip.dll
0x00007fff00650000 - 0x00007fff00d34000 	C:\WINDOWS\System32\SHELL32.dll
0x00007ffeffa80000 - 0x00007ffeffb29000 	C:\WINDOWS\System32\shcore.dll
0x00007ffefee80000 - 0x00007ffeff5fe000 	C:\WINDOWS\System32\windows.storage.dll
0x00007ffefe780000 - 0x00007ffefe7a3000 	C:\WINDOWS\System32\profapi.dll
0x00007ffefe710000 - 0x00007ffefe75a000 	C:\WINDOWS\System32\powrprof.dll
0x00007ffefe6e0000 - 0x00007ffefe6f0000 	C:\WINDOWS\System32\UMPDC.dll
0x00007fff00fb0000 - 0x00007fff01002000 	C:\WINDOWS\System32\shlwapi.dll
0x00007ffefe6f0000 - 0x00007ffefe701000 	C:\WINDOWS\System32\kernel.appcore.dll
0x00007ffefed60000 - 0x00007ffefed77000 	C:\WINDOWS\System32\cryptsp.dll
0x00007ffed9550000 - 0x00007ffed956a000 	D:\Program Files\Android\Android Studio\jre\jre\bin\net.dll
0x00007ffef0090000 - 0x00007ffef0266000 	C:\WINDOWS\SYSTEM32\urlmon.dll
0x00007ffeefde0000 - 0x00007ffef0086000 	C:\WINDOWS\SYSTEM32\iertutil.dll
0x00007ffefe120000 - 0x00007ffefe12c000 	C:\WINDOWS\SYSTEM32\CRYPTBASE.DLL
0x00007ffefdf50000 - 0x00007ffefdfb7000 	C:\WINDOWS\system32\mswsock.dll
0x00007ffed7f80000 - 0x00007ffed7f93000 	D:\Program Files\Android\Android Studio\jre\jre\bin\nio.dll
0x00007ffed6640000 - 0x00007ffed6666000 	C:\Users\Huawei\.gradle\native\30\windows-amd64\native-platform.dll
0x00007ffee1e70000 - 0x00007ffee1e7d000 	D:\Program Files\Android\Android Studio\jre\jre\bin\management.dll
0x00007ffefdac0000 - 0x00007ffefdaf3000 	C:\WINDOWS\system32\rsaenh.dll
0x00007ffefe7b0000 - 0x00007ffefe7d6000 	C:\WINDOWS\System32\bcrypt.dll
0x00007ffefe5d0000 - 0x00007ffefe5f5000 	C:\WINDOWS\SYSTEM32\USERENV.dll
0x00007ffefdc60000 - 0x00007ffefdc9a000 	C:\WINDOWS\SYSTEM32\IPHLPAPI.DLL
0x00007fff00640000 - 0x00007fff00648000 	C:\WINDOWS\System32\NSI.dll
0x00007ffef11d0000 - 0x00007ffef11e6000 	C:\WINDOWS\SYSTEM32\dhcpcsvc6.DLL
0x00007ffef3af0000 - 0x00007ffef3b0c000 	C:\WINDOWS\SYSTEM32\dhcpcsvc.DLL
0x00007ffefdca0000 - 0x00007ffefdd6b000 	C:\WINDOWS\SYSTEM32\DNSAPI.dll

VM Arguments:
jvm_args: -Xmx1536m -Dfile.encoding=windows-1252 -Duser.country=US -Duser.language=en -Duser.variant 
java_command: org.gradle.launcher.daemon.bootstrap.GradleDaemon 5.6.4
java_class_path (initial): C:\Users\Huawei\.gradle\wrapper\dists\gradle-5.6.4-all\ankdp27end7byghfw1q2sw75f\gradle-5.6.4\lib\gradle-launcher-5.6.4.jar
Launcher Type: SUN_STANDARD

Environment Variables:
JAVA_HOME=D:\Program Files\Java\jdk-13.0.2
PATH=C:\Program Files\Python38\Scripts\;C:\Program Files\Python38\;C:\Program Files (x86)\Common Files\Oracle\Java\javapath;C:\ProgramData\Oracle\Java\javapath;C:\WINDOWS\system32;C:\WINDOWS;C:\WINDOWS\System32\Wbem;C:\WINDOWS\System32\WindowsPowerShell\v1.0\;C:\WINDOWS\System32\OpenSSH\;C:\Program Files\Intel\WiFi\bin\;C:\Program Files\Common Files\Intel\WirelessCommon\;C:\Program Files\dotnet\;C:\Program Files (x86)\Windows Kits\8.1\Windows Performance Toolkit\;C:\Program Files\Git\cmd;C:\Program Files\Git\mingw64\bin;C:\Program Files\Git\usr\bin;D:\Program Files\MATLAB\R2018a\runtime\win64;D:\Program Files\MATLAB\R2018a\bin;C:\Users\Huawei\AppData\Local\Programs\Python\Python38-32\Scripts\;C:\Users\Huawei\AppData\Local\Programs\Python\Python38-32\;C:\Users\Huawei\AppData\Local\Microsoft\WindowsApps;C:\Program Files\JetBrains\PyCharm Edu 2019.3.2\bin;D:\Program Files\JetBrains\PyCharm Community Edition 2019.3.3\bin;D:\Modeltech_pe_edu_10.4a\win32pe_edu;D:\altera\13.1\modelsim_ase\win32aloem
USERNAME=Huawei
OS=Windows_NT
PROCESSOR_IDENTIFIER=Intel64 Family 6 Model 142 Stepping 11, GenuineIntel



---------------  S Y S T E M  ---------------

OS: Windows 10.0 , 64 bit Build 18362 (10.0.18362.778)

CPU:total 8 (initial active 8) (4 cores per cpu, 2 threads per core) family 6 model 142 stepping 11, cmov, cx8, fxsr, mmx, sse, sse2, sse3, ssse3, sse4.1, sse4.2, popcnt, avx, avx2, aes, clmul, erms, 3dnowpref, lzcnt, ht, tsc, tscinvbit, bmi1, bmi2, adx

Memory: 4k page, physical 8230708k(871628k free), swap 18716464k(5204k free)

vm_info: OpenJDK 64-Bit Server VM (25.212-b04) for windows-amd64 JRE (1.8.0_212-release-1586-b04), built by "builder" with MS VC++ 10.0 (VS2010)

time: Fri May 29 02:50:58 2020
timezone: Egypt Standard Time
elapsed time: 22 seconds (0d 0h 0m 22s)

