#
# There is insufficient memory for the Java Runtime Environment to continue.
# Native memory allocation (malloc) failed to allocate 1104816 bytes for Chunk::new
# Possible reasons:
#   The system is out of physical RAM or swap space
#   The process is running with CompressedOops enabled, and the Java Heap may be blocking the growth of the native heap
# Possible solutions:
#   Reduce memory load on the system
#   Increase physical memory or swap space
#   Check if swap backing store is full
#   Decrease Java heap size (-Xmx/-Xms)
#   Decrease number of Java threads
#   Decrease Java thread stack sizes (-Xss)
#   Set larger code cache with -XX:ReservedCodeCacheSize=
#   JVM is running with Unscaled Compressed Oops mode in which the Java heap is
#     placed in the first 4GB address space. The Java Heap base address is the
#     maximum limit for the native heap growth. Please use -XX:HeapBaseMinAddress
#     to set the Java Heap base and to place the Java Heap above 4GB virtual address.
# This output file may be truncated or incomplete.
#
#  Out of Memory Error (allocation.cpp:389), pid=21952, tid=0x0000000000003130
#
# JRE version: OpenJDK Runtime Environment (8.0_212-b04) (build 1.8.0_212-release-1586-b04)
# Java VM: OpenJDK 64-Bit Server VM (25.212-b04 mixed mode windows-amd64 compressed oops)
# Failed to write core dump. Minidumps are not enabled by default on client versions of Windows
#

---------------  T H R E A D  ---------------

Current thread (0x0000000018b4a800):  JavaThread "C2 CompilerThread0" daemon [_thread_in_native, id=12592, stack(0x0000000019420000,0x0000000019520000)]

Stack: [0x0000000019420000,0x0000000019520000]
[error occurred during error reporting (printing stack bounds), id 0xc0000005]

Native frames: (J=compiled Java code, j=interpreted, Vv=VM code, C=native code)


Current CompileTask:
C2:  42754 15155       4       com.android.tools.r8.ir.regalloc.LinearScanRegisterAllocator::a (270 bytes)


---------------  P R O C E S S  ---------------

Java Threads: ( => current thread )
  0x000000001bdab800 JavaThread "WorkerExecutor Queue Thread 2" [_thread_blocked, id=22176, stack(0x00000000325d0000,0x00000000326d0000)]
  0x000000001bdad000 JavaThread "ForkJoinPool.commonPool-worker-7" daemon [_thread_blocked, id=16836, stack(0x0000000032220000,0x0000000032320000)]
  0x000000001bdaf800 JavaThread "ForkJoinPool.commonPool-worker-6" daemon [_thread_blocked, id=17608, stack(0x00000000310f0000,0x00000000311f0000)]
  0x000000002298c800 JavaThread "ForkJoinPool.commonPool-worker-5" daemon [_thread_blocked, id=10084, stack(0x0000000030ff0000,0x00000000310f0000)]
  0x000000002298c000 JavaThread "ForkJoinPool.commonPool-worker-4" daemon [_thread_blocked, id=9356, stack(0x0000000030ef0000,0x0000000030ff0000)]
  0x000000002298b000 JavaThread "ForkJoinPool.commonPool-worker-3" daemon [_thread_blocked, id=9848, stack(0x0000000030df0000,0x0000000030ef0000)]
  0x000000002298a800 JavaThread "ForkJoinPool.commonPool-worker-2" daemon [_thread_blocked, id=21180, stack(0x0000000030cf0000,0x0000000030df0000)]
  0x000000001b6dc000 JavaThread "WorkerExecutor Queue" [_thread_in_Java, id=9280, stack(0x0000000028190000,0x0000000028290000)]
  0x000000001b6da800 JavaThread "Cache worker for Java compile cache (D:\uni stuff\APT\project\Search\.gradle\5.6.4\javaCompile)" [_thread_blocked, id=10680, stack(0x0000000027770000,0x0000000027870000)]
  0x000000001b6db000 JavaThread "Cache worker for Java compile cache (C:\Users\Huawei\.gradle\caches\5.6.4\javaCompile)" [_thread_blocked, id=13324, stack(0x0000000027670000,0x0000000027770000)]
  0x000000001b6d9000 JavaThread "Cache worker for execution history cache (D:\uni stuff\APT\project\Search\.gradle\5.6.4\executionHistory)" [_thread_blocked, id=21996, stack(0x0000000027990000,0x0000000027a90000)]
  0x000000001b6cf000 JavaThread "Execution worker for ':' Thread 7" [_thread_in_Java, id=17344, stack(0x0000000027570000,0x0000000027670000)]
  0x000000001b6d4800 JavaThread "Execution worker for ':' Thread 6" [_thread_in_Java, id=15044, stack(0x0000000027470000,0x0000000027570000)]
  0x000000001b6d3800 JavaThread "Execution worker for ':' Thread 5" [_thread_blocked, id=11000, stack(0x0000000027370000,0x0000000027470000)]
  0x000000001b6d2000 JavaThread "Execution worker for ':' Thread 4" [_thread_blocked, id=5172, stack(0x0000000027270000,0x0000000027370000)]
  0x000000001b6ce000 JavaThread "Execution worker for ':' Thread 3" [_thread_in_Java, id=14052, stack(0x0000000027170000,0x0000000027270000)]
  0x000000001b6d1000 JavaThread "Execution worker for ':' Thread 2" [_thread_blocked, id=21500, stack(0x0000000027070000,0x0000000027170000)]
  0x000000001b6d5000 JavaThread "Execution worker for ':'" [_thread_blocked, id=14520, stack(0x0000000026f70000,0x0000000027070000)]
  0x000000001a08a800 JavaThread "Cache worker for file content cache (D:\uni stuff\APT\project\Search\.gradle\5.6.4\fileContent)" [_thread_blocked, id=548, stack(0x0000000026e70000,0x0000000026f70000)]
  0x000000001a089800 JavaThread "Cache worker for file content cache (C:\Users\Huawei\.gradle\caches\5.6.4\fileContent)" [_thread_blocked, id=20424, stack(0x0000000026d70000,0x0000000026e70000)]
  0x000000001a08c000 JavaThread "Cache worker for Build Output Cleanup Cache (D:\uni stuff\APT\project\Search\.gradle\buildOutputCleanup)" [_thread_blocked, id=11660, stack(0x0000000026810000,0x0000000026910000)]
  0x000000001a089000 JavaThread "pool-3-thread-1" [_thread_blocked, id=17848, stack(0x0000000025440000,0x0000000025540000)]
  0x000000001a088000 JavaThread "Build operations Thread 8" [_thread_blocked, id=19292, stack(0x0000000024240000,0x0000000024340000)]
  0x000000001a08b000 JavaThread "Build operations Thread 7" [_thread_blocked, id=19280, stack(0x0000000023b40000,0x0000000023c40000)]
  0x000000001a087800 JavaThread "Build operations Thread 6" [_thread_blocked, id=21492, stack(0x0000000023a40000,0x0000000023b40000)]
  0x000000001a08e000 JavaThread "Build operations Thread 5" [_thread_blocked, id=12596, stack(0x0000000023940000,0x0000000023a40000)]
  0x000000001a08d800 JavaThread "Build operations Thread 4" [_thread_blocked, id=3404, stack(0x0000000023840000,0x0000000023940000)]
  0x000000001a08c800 JavaThread "Build operations Thread 3" [_thread_blocked, id=796, stack(0x0000000023740000,0x0000000023840000)]
  0x000000001a086800 JavaThread "Build operations Thread 2" [_thread_blocked, id=20544, stack(0x0000000023640000,0x0000000023740000)]
  0x000000001a07f000 JavaThread "Build operations" [_thread_blocked, id=6392, stack(0x0000000023540000,0x0000000023640000)]
  0x000000001a080000 JavaThread "Cache worker for cache directory md-rule (C:\Users\Huawei\.gradle\caches\5.6.4\md-rule)" [_thread_blocked, id=12108, stack(0x0000000023440000,0x0000000023540000)]
  0x000000001a082000 JavaThread "Cache worker for cache directory md-supplier (C:\Users\Huawei\.gradle\caches\5.6.4\md-supplier)" [_thread_blocked, id=19100, stack(0x0000000022df0000,0x0000000022ef0000)]
  0x000000001a081800 JavaThread "Cache worker for file hash cache (D:\uni stuff\APT\project\Search\.gradle\5.6.4\fileHashes)" [_thread_blocked, id=14524, stack(0x0000000021620000,0x0000000021720000)]
  0x000000001a083000 JavaThread "Thread-30" [_thread_blocked, id=20172, stack(0x0000000021520000,0x0000000021620000)]
  0x000000001a086000 JavaThread "Stdin handler" [_thread_blocked, id=11260, stack(0x000000001fbe0000,0x000000001fce0000)]
  0x000000001a080800 JavaThread "Asynchronous log dispatcher for DefaultDaemonConnection: socket connection from /127.0.0.1:52153 to /127.0.0.1:52159" [_thread_blocked, id=18456, stack(0x000000001d140000,0x000000001d240000)]
  0x000000001a084800 JavaThread "Cancel handler" [_thread_blocked, id=14400, stack(0x000000001cf40000,0x000000001d040000)]
  0x000000001a085000 JavaThread "Handler for socket connection from /127.0.0.1:52153 to /127.0.0.1:52159" [_thread_in_native, id=20884, stack(0x000000001cc40000,0x000000001cd40000)]
  0x000000001b6d6000 JavaThread "Memory manager" [_thread_blocked, id=14128, stack(0x0000000024d40000,0x0000000024e40000)]
  0x000000001b6d3000 JavaThread "Cache worker for execution history cache (C:\Users\Huawei\.gradle\caches\5.6.4\executionHistory)" [_thread_blocked, id=4700, stack(0x0000000021720000,0x0000000021820000)]
  0x000000001a31f000 JavaThread "Cache worker for journal cache (C:\Users\Huawei\.gradle\caches\journal-1)" [_thread_blocked, id=16352, stack(0x000000001d740000,0x000000001d840000)]
  0x000000001a31d000 JavaThread "File lock request listener" [_thread_in_native, id=19208, stack(0x000000001d640000,0x000000001d740000)]
  0x0000000019a5c000 JavaThread "Cache worker for file hash cache (C:\Users\Huawei\.gradle\caches\5.6.4\fileHashes)" [_thread_blocked, id=15784, stack(0x000000001d540000,0x000000001d640000)]
  0x000000001b5d1800 JavaThread "Daemon worker" [_thread_blocked, id=22356, stack(0x000000001d040000,0x000000001d140000)]
  0x000000001b513800 JavaThread "Daemon" [_thread_blocked, id=20516, stack(0x000000001cb40000,0x000000001cc40000)]
  0x000000001b4f8800 JavaThread "Daemon periodic checks" [_thread_blocked, id=13148, stack(0x000000001ca40000,0x000000001cb40000)]
  0x000000001b4a5000 JavaThread "Incoming local TCP Connector on port 52153" [_thread_in_native, id=7300, stack(0x000000001c800000,0x000000001c900000)]
  0x0000000019cce800 JavaThread "Daemon health stats" [_thread_blocked, id=21868, stack(0x000000001c1c0000,0x000000001c2c0000)]
  0x0000000018bde800 JavaThread "Service Thread" daemon [_thread_blocked, id=21828, stack(0x0000000019820000,0x0000000019920000)]
  0x0000000018b65000 JavaThread "C1 CompilerThread3" daemon [_thread_blocked, id=18608, stack(0x0000000019720000,0x0000000019820000)]
  0x0000000018b51000 JavaThread "C2 CompilerThread2" daemon [_thread_in_native, id=16644, stack(0x0000000019620000,0x0000000019720000)]
  0x0000000018b4c800 JavaThread "C2 CompilerThread1" daemon [_thread_in_native, id=3200, stack(0x0000000019520000,0x0000000019620000)]
=>0x0000000018b4a800 JavaThread "C2 CompilerThread0" daemon [_thread_in_native, id=12592, stack(0x0000000019420000,0x0000000019520000)]
  0x0000000018b49800 JavaThread "Attach Listener" daemon [_thread_blocked, id=21140, stack(0x0000000019320000,0x0000000019420000)]
  0x0000000016d5e800 JavaThread "Signal Dispatcher" daemon [_thread_blocked, id=12512, stack(0x0000000019220000,0x0000000019320000)]
  0x0000000018b40800 JavaThread "Finalizer" daemon [_thread_blocked, id=11808, stack(0x0000000019020000,0x0000000019120000)]
  0x0000000002f87000 JavaThread "Reference Handler" daemon [_thread_blocked, id=17672, stack(0x0000000018f20000,0x0000000019020000)]
  0x0000000002e92800 JavaThread "main" [_thread_blocked, id=15828, stack(0x0000000002d90000,0x0000000002e90000)]

Other Threads:
  0x0000000016d46000 VMThread [stack: 0x0000000018a20000,0x0000000018b20000] [id=16660]
  0x0000000018bdf000 WatcherThread [stack: 0x0000000019920000,0x0000000019a20000] [id=10024]

VM state:not at safepoint (normal execution)

VM Mutex/Monitor currently owned by a thread: None

heap address: 0x00000000a0000000, size: 1536 MB, Compressed Oops mode: 32-bit
Narrow klass base: 0x0000000000000000, Narrow klass shift: 3
Compressed class space size: 1073741824 Address: 0x0000000100000000

Heap:
 PSYoungGen      total 485888K, used 297377K [0x00000000e0000000, 0x00000000ffd00000, 0x0000000100000000)
  eden space 453632K, 63% used [0x00000000e0000000,0x00000000f187c030,0x00000000fbb00000)
  from space 32256K, 31% used [0x00000000fdd80000,0x00000000fe76c630,0x00000000ffd00000)
  to   space 33792K, 0% used [0x00000000fbb00000,0x00000000fbb00000,0x00000000fdc00000)
 ParOldGen       total 294912K, used 159124K [0x00000000a0000000, 0x00000000b2000000, 0x00000000e0000000)
  object space 294912K, 53% used [0x00000000a0000000,0x00000000a9b65038,0x00000000b2000000)
 Metaspace       used 89555K, capacity 93540K, committed 94488K, reserved 1130496K
  class space    used 11790K, capacity 12573K, committed 12840K, reserved 1048576K

Card table byte_map: [0x0000000012350000,0x0000000012660000] byte_map_base: 0x0000000011e50000

Marking Bits: (ParMarkBitMap*) 0x000000005dac9f30
 Begin Bits: [0x0000000013060000, 0x0000000014860000)
 End Bits:   [0x0000000014860000, 0x0000000016060000)

Polling page: 0x0000000000f00000

CodeCache: size=245760Kb used=42711Kb max_used=42711Kb free=203048Kb
 bounds [0x0000000002f90000, 0x00000000059d0000, 0x0000000011f90000]
 total_blobs=14282 nmethods=13421 adapters=773
 compilation: enabled

Compilation events (10 events):
Event: 42.685 Thread 0x0000000018b65000 16141 % !   3       sun.nio.cs.US_ASCII$Decoder::decodeArrayLoop @ 129 (297 bytes)
Event: 42.689 Thread 0x0000000018b65000 nmethod 16141% 0x00000000052f74d0 code [0x00000000052f7a40, 0x00000000052faf68]
Event: 42.693 Thread 0x0000000018b65000 16142 %     3       com.android.tools.r8.v.a.a.a.f.x0::e @ 26 (173 bytes)
Event: 42.694 Thread 0x0000000018b65000 nmethod 16142% 0x000000000523b050 code [0x000000000523b240, 0x000000000523bc88]
Event: 42.711 Thread 0x0000000018b65000 16143 %     3       com.android.builder.files.RelativeFiles::fromZip @ 27 (78 bytes)
Event: 42.713 Thread 0x0000000018b65000 nmethod 16143% 0x00000000046cf0d0 code [0x00000000046cf3a0, 0x00000000046d0728]
Event: 42.745 Thread 0x0000000018b65000 16144       2       com.google.common.collect.Hashing::closedTableSize (37 bytes)
Event: 42.745 Thread 0x0000000018b65000 nmethod 16144 0x00000000052f70d0 code [0x00000000052f7240, 0x00000000052f7408]
Event: 42.745 Thread 0x0000000018b65000 16145       2       com.google.common.collect.HashBiMap::createTable (5 bytes)
Event: 42.746 Thread 0x0000000018b65000 nmethod 16145 0x00000000046ced10 code [0x00000000046cee60, 0x00000000046cf030]

GC Heap History (10 events):
Event: 39.067 GC heap before
{Heap before GC invocations=28 (full 4):
 PSYoungGen      total 356352K, used 332092K [0x00000000e0000000, 0x00000000fc100000, 0x0000000100000000)
  eden space 314880K, 100% used [0x00000000e0000000,0x00000000f3380000,0x00000000f3380000)
  from space 41472K, 41% used [0x00000000f3380000,0x00000000f444f0d0,0x00000000f5c00000)
  to   space 39424K, 0% used [0x00000000f9a80000,0x00000000f9a80000,0x00000000fc100000)
 ParOldGen       total 294912K, used 131345K [0x00000000a0000000, 0x00000000b2000000, 0x00000000e0000000)
  object space 294912K, 44% used [0x00000000a0000000,0x00000000a8044618,0x00000000b2000000)
 Metaspace       used 88818K, capacity 92756K, committed 93976K, reserved 1130496K
  class space    used 11736K, capacity 12483K, committed 12840K, reserved 1048576K
Event: 39.096 GC heap after
Heap after GC invocations=28 (full 4):
 PSYoungGen      total 419328K, used 15889K [0x00000000e0000000, 0x00000000fbe80000, 0x0000000100000000)
  eden space 382464K, 0% used [0x00000000e0000000,0x00000000e0000000,0x00000000f7580000)
  from space 36864K, 43% used [0x00000000f9a80000,0x00000000faa04640,0x00000000fbe80000)
  to   space 37376K, 0% used [0x00000000f7580000,0x00000000f7580000,0x00000000f9a00000)
 ParOldGen       total 294912K, used 134485K [0x00000000a0000000, 0x00000000b2000000, 0x00000000e0000000)
  object space 294912K, 45% used [0x00000000a0000000,0x00000000a8355590,0x00000000b2000000)
 Metaspace       used 88818K, capacity 92756K, committed 93976K, reserved 1130496K
  class space    used 11736K, capacity 12483K, committed 12840K, reserved 1048576K
}
Event: 39.700 GC heap before
{Heap before GC invocations=29 (full 4):
 PSYoungGen      total 419328K, used 398353K [0x00000000e0000000, 0x00000000fbe80000, 0x0000000100000000)
  eden space 382464K, 100% used [0x00000000e0000000,0x00000000f7580000,0x00000000f7580000)
  from space 36864K, 43% used [0x00000000f9a80000,0x00000000faa04640,0x00000000fbe80000)
  to   space 37376K, 0% used [0x00000000f7580000,0x00000000f7580000,0x00000000f9a00000)
 ParOldGen       total 294912K, used 134485K [0x00000000a0000000, 0x00000000b2000000, 0x00000000e0000000)
  object space 294912K, 45% used [0x00000000a0000000,0x00000000a8355590,0x00000000b2000000)
 Metaspace       used 88939K, capacity 92914K, committed 94232K, reserved 1130496K
  class space    used 11739K, capacity 12488K, committed 12840K, reserved 1048576K
Event: 39.728 GC heap after
Heap after GC invocations=29 (full 4):
 PSYoungGen      total 419840K, used 10967K [0x00000000e0000000, 0x00000000ff900000, 0x0000000100000000)
  eden space 382464K, 0% used [0x00000000e0000000,0x00000000e0000000,0x00000000f7580000)
  from space 37376K, 29% used [0x00000000f7580000,0x00000000f8035c98,0x00000000f9a00000)
  to   space 36352K, 0% used [0x00000000fd580000,0x00000000fd580000,0x00000000ff900000)
 ParOldGen       total 294912K, used 142570K [0x00000000a0000000, 0x00000000b2000000, 0x00000000e0000000)
  object space 294912K, 48% used [0x00000000a0000000,0x00000000a8b3aa48,0x00000000b2000000)
 Metaspace       used 88939K, capacity 92914K, committed 94232K, reserved 1130496K
  class space    used 11739K, capacity 12488K, committed 12840K, reserved 1048576K
}
Event: 40.316 GC heap before
{Heap before GC invocations=30 (full 4):
 PSYoungGen      total 419840K, used 393431K [0x00000000e0000000, 0x00000000ff900000, 0x0000000100000000)
  eden space 382464K, 100% used [0x00000000e0000000,0x00000000f7580000,0x00000000f7580000)
  from space 37376K, 29% used [0x00000000f7580000,0x00000000f8035c98,0x00000000f9a00000)
  to   space 36352K, 0% used [0x00000000fd580000,0x00000000fd580000,0x00000000ff900000)
 ParOldGen       total 294912K, used 142570K [0x00000000a0000000, 0x00000000b2000000, 0x00000000e0000000)
  object space 294912K, 48% used [0x00000000a0000000,0x00000000a8b3aa48,0x00000000b2000000)
 Metaspace       used 89017K, capacity 92918K, committed 94232K, reserved 1130496K
  class space    used 11739K, capacity 12488K, committed 12840K, reserved 1048576K
Event: 40.338 GC heap after
Heap after GC invocations=30 (full 4):
 PSYoungGen      total 476672K, used 8448K [0x00000000e0000000, 0x00000000ff600000, 0x0000000100000000)
  eden space 443392K, 0% used [0x00000000e0000000,0x00000000e0000000,0x00000000fb100000)
  from space 33280K, 25% used [0x00000000fd580000,0x00000000fddc0308,0x00000000ff600000)
  to   space 35328K, 0% used [0x00000000fb100000,0x00000000fb100000,0x00000000fd380000)
 ParOldGen       total 294912K, used 148226K [0x00000000a0000000, 0x00000000b2000000, 0x00000000e0000000)
  object space 294912K, 50% used [0x00000000a0000000,0x00000000a90c0b50,0x00000000b2000000)
 Metaspace       used 89017K, capacity 92918K, committed 94232K, reserved 1130496K
  class space    used 11739K, capacity 12488K, committed 12840K, reserved 1048576K
}
Event: 41.250 GC heap before
{Heap before GC invocations=31 (full 4):
 PSYoungGen      total 476672K, used 451840K [0x00000000e0000000, 0x00000000ff600000, 0x0000000100000000)
  eden space 443392K, 100% used [0x00000000e0000000,0x00000000fb100000,0x00000000fb100000)
  from space 33280K, 25% used [0x00000000fd580000,0x00000000fddc0308,0x00000000ff600000)
  to   space 35328K, 0% used [0x00000000fb100000,0x00000000fb100000,0x00000000fd380000)
 ParOldGen       total 294912K, used 148226K [0x00000000a0000000, 0x00000000b2000000, 0x00000000e0000000)
  object space 294912K, 50% used [0x00000000a0000000,0x00000000a90c0b50,0x00000000b2000000)
 Metaspace       used 89376K, capacity 93388K, committed 94488K, reserved 1130496K
  class space    used 11784K, capacity 12569K, committed 12840K, reserved 1048576K
Event: 41.273 GC heap after
Heap after GC invocations=31 (full 4):
 PSYoungGen      total 478720K, used 5682K [0x00000000e0000000, 0x0000000100000000, 0x0000000100000000)
  eden space 443392K, 0% used [0x00000000e0000000,0x00000000e0000000,0x00000000fb100000)
  from space 35328K, 16% used [0x00000000fb100000,0x00000000fb68cae8,0x00000000fd380000)
  to   space 35328K, 0% used [0x00000000fdd80000,0x00000000fdd80000,0x0000000100000000)
 ParOldGen       total 294912K, used 154878K [0x00000000a0000000, 0x00000000b2000000, 0x00000000e0000000)
  object space 294912K, 52% used [0x00000000a0000000,0x00000000a973fa10,0x00000000b2000000)
 Metaspace       used 89376K, capacity 93388K, committed 94488K, reserved 1130496K
  class space    used 11784K, capacity 12569K, committed 12840K, reserved 1048576K
}
Event: 42.193 GC heap before
{Heap before GC invocations=32 (full 4):
 PSYoungGen      total 478720K, used 449074K [0x00000000e0000000, 0x0000000100000000, 0x0000000100000000)
  eden space 443392K, 100% used [0x00000000e0000000,0x00000000fb100000,0x00000000fb100000)
  from space 35328K, 16% used [0x00000000fb100000,0x00000000fb68cae8,0x00000000fd380000)
  to   space 35328K, 0% used [0x00000000fdd80000,0x00000000fdd80000,0x0000000100000000)
 ParOldGen       total 294912K, used 154878K [0x00000000a0000000, 0x00000000b2000000, 0x00000000e0000000)
  object space 294912K, 52% used [0x00000000a0000000,0x00000000a973fa10,0x00000000b2000000)
 Metaspace       used 89535K, capacity 93540K, committed 94488K, reserved 1130496K
  class space    used 11790K, capacity 12573K, committed 12840K, reserved 1048576K
Event: 42.216 GC heap after
Heap after GC invocations=32 (full 4):
 PSYoungGen      total 485888K, used 10161K [0x00000000e0000000, 0x00000000ffd00000, 0x0000000100000000)
  eden space 453632K, 0% used [0x00000000e0000000,0x00000000e0000000,0x00000000fbb00000)
  from space 32256K, 31% used [0x00000000fdd80000,0x00000000fe76c630,0x00000000ffd00000)
  to   space 33792K, 0% used [0x00000000fbb00000,0x00000000fbb00000,0x00000000fdc00000)
 ParOldGen       total 294912K, used 159124K [0x00000000a0000000, 0x00000000b2000000, 0x00000000e0000000)
  object space 294912K, 53% used [0x00000000a0000000,0x00000000a9b65038,0x00000000b2000000)
 Metaspace       used 89535K, capacity 93540K, committed 94488K, reserved 1130496K
  class space    used 11790K, capacity 12573K, committed 12840K, reserved 1048576K
}

Deoptimization events (10 events):
Event: 40.406 Thread 0x000000001b6d4800 Uncommon trap: reason=unstable_if action=reinterpret pc=0x00000000056a7fd8 method=com.android.tools.r8.u.b.g1.a(Lcom/android/tools/r8/graph/e;Lcom/android/tools/r8/u/b/T;Ljava/util/function/Predicate;Ljava/util/Set;)Z @ 123
Event: 40.732 Thread 0x000000001b6d1000 Uncommon trap: reason=unstable_if action=reinterpret pc=0x00000000049b2884 method=java.util.concurrent.ConcurrentLinkedQueue.poll()Ljava/lang/Object; @ 25
Event: 41.156 Thread 0x000000001b6dc000 Uncommon trap: reason=unstable_if action=reinterpret pc=0x000000000341675c method=java.io.ObjectOutputStream$BlockDataOutputStream.writeBytes(Ljava/lang/String;)V @ 22
Event: 41.162 Thread 0x000000001b6dc000 Uncommon trap: reason=unstable_if action=reinterpret pc=0x0000000003d0d49c method=java.io.ObjectOutputStream$BlockDataOutputStream.writeInt(I)V @ 9
Event: 41.527 Thread 0x000000001a081800 Uncommon trap: reason=bimorphic action=maybe_recompile pc=0x00000000034fdc5c method=java.io.DataOutputStream.writeShort(I)V @ 12
Event: 41.784 Thread 0x000000001b6ce000 Uncommon trap: reason=class_check action=maybe_recompile pc=0x00000000053ba1dc method=com.android.tools.r8.u.c.o.a(Lcom/android/tools/r8/u/c/M;IZ)V @ 526
Event: 41.857 Thread 0x000000001b6d4800 Uncommon trap: reason=class_check action=maybe_recompile pc=0x00000000058af39c method=com.android.tools.r8.ir.optimize.h.a(Lcom/android/tools/r8/u/b/T;)V @ 275
Event: 41.971 Thread 0x000000001b6cf000 Uncommon trap: reason=class_check action=maybe_recompile pc=0x00000000053ba1dc method=com.android.tools.r8.u.c.o.a(Lcom/android/tools/r8/u/c/M;IZ)V @ 526
Event: 42.232 Thread 0x000000001b6cf000 Uncommon trap: reason=class_check action=maybe_recompile pc=0x00000000053ba1dc method=com.android.tools.r8.u.c.o.a(Lcom/android/tools/r8/u/c/M;IZ)V @ 526
Event: 42.408 Thread 0x000000001b6d4800 Uncommon trap: reason=class_check action=maybe_recompile pc=0x00000000053ba1dc method=com.android.tools.r8.u.c.o.a(Lcom/android/tools/r8/u/c/M;IZ)V @ 526

Classes redefined (0 events):
No events

Internal exceptions (10 events):
Event: 39.037 Thread 0x000000001b6d2000 Exception <a 'sun/nio/fs/WindowsException'> (0x00000000f1dcf0e8) thrown at [D:\src\AOSP-openjdk-cygwin\jdk8u\hotspot\src\share\vm\prims\jni.cpp, line 710]
Event: 39.353 Thread 0x000000001b6d2000 Exception <a 'sun/nio/fs/WindowsException'> (0x00000000ea684128) thrown at [D:\src\AOSP-openjdk-cygwin\jdk8u\hotspot\src\share\vm\prims\jni.cpp, line 710]
Event: 39.490 Thread 0x000000001b6d2000 Exception <a 'sun/nio/fs/WindowsException'> (0x00000000ef56b440) thrown at [D:\src\AOSP-openjdk-cygwin\jdk8u\hotspot\src\share\vm\prims\jni.cpp, line 710]
Event: 39.544 Thread 0x000000001b6d2000 Exception <a 'sun/nio/fs/WindowsException'> (0x00000000f1c85e08) thrown at [D:\src\AOSP-openjdk-cygwin\jdk8u\hotspot\src\share\vm\prims\jni.cpp, line 710]
Event: 39.596 Thread 0x000000001b6d2000 Exception <a 'sun/nio/fs/WindowsException'> (0x00000000f1ca5e58) thrown at [D:\src\AOSP-openjdk-cygwin\jdk8u\hotspot\src\share\vm\prims\jni.cpp, line 710]
Event: 39.698 Thread 0x000000001b6d2000 Exception <a 'sun/nio/fs/WindowsException'> (0x00000000f7546820) thrown at [D:\src\AOSP-openjdk-cygwin\jdk8u\hotspot\src\share\vm\prims\jni.cpp, line 710]
Event: 40.081 Thread 0x000000001b6d2000 Exception <a 'sun/nio/fs/WindowsException'> (0x00000000ee9199c0) thrown at [D:\src\AOSP-openjdk-cygwin\jdk8u\hotspot\src\share\vm\prims\jni.cpp, line 710]
Event: 40.173 Thread 0x000000001b6d4800 Implicit null exception at 0x000000000585a9d8 to 0x000000000585f515
Event: 40.767 Thread 0x000000001b6d5000 Exception <a 'sun/nio/fs/WindowsException'> (0x00000000ed994e78) thrown at [D:\src\AOSP-openjdk-cygwin\jdk8u\hotspot\src\share\vm\prims\jni.cpp, line 710]
Event: 41.502 Thread 0x000000001b6d3800 Exception <a 'sun/nio/fs/WindowsException'> (0x00000000e5706490) thrown at [D:\src\AOSP-openjdk-cygwin\jdk8u\hotspot\src\share\vm\prims\jni.cpp, line 710]

Events (10 events):
Event: 42.630 Thread 0x000000001b6cf000 DEOPT PACKING pc=0x00000000050de6d0 sp=0x000000002766a7d0
Event: 42.630 Thread 0x000000001b6cf000 DEOPT UNPACKING pc=0x0000000002fd75d0 sp=0x000000002766a6b8 mode 0
Event: 42.634 Thread 0x000000001b6cf000 DEOPT PACKING pc=0x000000000583aa85 sp=0x000000002766a690
Event: 42.634 Thread 0x000000001b6cf000 DEOPT UNPACKING pc=0x0000000002fd75d0 sp=0x000000002766a4a0 mode 0
Event: 42.681 Thread 0x000000001b6ce000 DEOPT PACKING pc=0x00000000050de64e sp=0x000000002726a2d0
Event: 42.681 Thread 0x000000001b6ce000 DEOPT UNPACKING pc=0x0000000002fd75d0 sp=0x000000002726a1b8 mode 0
Event: 42.716 Thread 0x000000001b6cf000 DEOPT PACKING pc=0x00000000053e3714 sp=0x000000002766ac60
Event: 42.716 Thread 0x000000001b6cf000 DEOPT UNPACKING pc=0x0000000002fd75d0 sp=0x000000002766a9c8 mode 0
Event: 42.744 Thread 0x000000001b6ce000 DEOPT PACKING pc=0x000000000583aa85 sp=0x000000002726a030
Event: 42.744 Thread 0x000000001b6ce000 DEOPT UNPACKING pc=0x0000000002fd75d0 sp=0x0000000027269e40 mode 0


Dynamic libraries:
0x00007ff641a90000 - 0x00007ff641ac1000 	D:\Program Files\Android\Android Studio\jre\bin\java.exe
0x00007fff01820000 - 0x00007fff01a10000 	C:\WINDOWS\SYSTEM32\ntdll.dll
0x00007fff00580000 - 0x00007fff00632000 	C:\WINDOWS\System32\KERNEL32.DLL
0x00007ffefe7e0000 - 0x00007ffefea84000 	C:\WINDOWS\System32\KERNELBASE.dll
0x00007fff015e0000 - 0x00007fff01683000 	C:\WINDOWS\System32\ADVAPI32.dll
0x00007fff00f10000 - 0x00007fff00fae000 	C:\WINDOWS\System32\msvcrt.dll
0x00007fff014c0000 - 0x00007fff01557000 	C:\WINDOWS\System32\sechost.dll
0x00007fff002f0000 - 0x00007fff00410000 	C:\WINDOWS\System32\RPCRT4.dll
0x00007fff00150000 - 0x00007fff002e4000 	C:\WINDOWS\System32\USER32.dll
0x00007ffefed30000 - 0x00007ffefed51000 	C:\WINDOWS\System32\win32u.dll
0x00007fff00e10000 - 0x00007fff00e36000 	C:\WINDOWS\System32\GDI32.dll
0x00007ffeff680000 - 0x00007ffeff814000 	C:\WINDOWS\System32\gdi32full.dll
0x00007ffefede0000 - 0x00007ffefee7e000 	C:\WINDOWS\System32\msvcp_win.dll
0x00007ffefec30000 - 0x00007ffefed2a000 	C:\WINDOWS\System32\ucrtbase.dll
0x00007ffee9560000 - 0x00007ffee97e4000 	C:\WINDOWS\WinSxS\amd64_microsoft.windows.common-controls_6595b64144ccf1df_6.0.18362.836_none_e6c4b943130f18ed\COMCTL32.dll
0x00007ffeffe10000 - 0x00007fff00146000 	C:\WINDOWS\System32\combase.dll
0x00007ffeff600000 - 0x00007ffeff680000 	C:\WINDOWS\System32\bcryptPrimitives.dll
0x00007fff00550000 - 0x00007fff0057e000 	C:\WINDOWS\System32\IMM32.DLL
0x000000005de80000 - 0x000000005df52000 	D:\Program Files\Android\Android Studio\jre\jre\bin\msvcr100.dll
0x000000005d300000 - 0x000000005db46000 	D:\Program Files\Android\Android Studio\jre\jre\bin\server\jvm.dll
0x00007fff014a0000 - 0x00007fff014a8000 	C:\WINDOWS\System32\PSAPI.DLL
0x00007ffef3ba0000 - 0x00007ffef3baa000 	C:\WINDOWS\SYSTEM32\VERSION.dll
0x00007ffefaa50000 - 0x00007ffefaa74000 	C:\WINDOWS\SYSTEM32\WINMM.dll
0x00007ffee9080000 - 0x00007ffee9089000 	C:\WINDOWS\SYSTEM32\WSOCK32.dll
0x00007ffeffc40000 - 0x00007ffeffcaf000 	C:\WINDOWS\System32\WS2_32.dll
0x00007ffefaa20000 - 0x00007ffefaa4d000 	C:\WINDOWS\SYSTEM32\winmmbase.dll
0x00007ffefea90000 - 0x00007ffefeada000 	C:\WINDOWS\System32\cfgmgr32.dll
0x00007ffef8260000 - 0x00007ffef826f000 	D:\Program Files\Android\Android Studio\jre\jre\bin\verify.dll
0x00007ffedea30000 - 0x00007ffedea59000 	D:\Program Files\Android\Android Studio\jre\jre\bin\java.dll
0x00007ffedec40000 - 0x00007ffedec56000 	D:\Program Files\Android\Android Studio\jre\jre\bin\zip.dll
0x00007fff00650000 - 0x00007fff00d34000 	C:\WINDOWS\System32\SHELL32.dll
0x00007ffeffa80000 - 0x00007ffeffb29000 	C:\WINDOWS\System32\shcore.dll
0x00007ffefee80000 - 0x00007ffeff5fe000 	C:\WINDOWS\System32\windows.storage.dll
0x00007ffefe780000 - 0x00007ffefe7a3000 	C:\WINDOWS\System32\profapi.dll
0x00007ffefe710000 - 0x00007ffefe75a000 	C:\WINDOWS\System32\powrprof.dll
0x00007ffefe6e0000 - 0x00007ffefe6f0000 	C:\WINDOWS\System32\UMPDC.dll
0x00007fff00fb0000 - 0x00007fff01002000 	C:\WINDOWS\System32\shlwapi.dll
0x00007ffefe6f0000 - 0x00007ffefe701000 	C:\WINDOWS\System32\kernel.appcore.dll
0x00007ffefed60000 - 0x00007ffefed77000 	C:\WINDOWS\System32\cryptsp.dll
0x00007ffed9550000 - 0x00007ffed956a000 	D:\Program Files\Android\Android Studio\jre\jre\bin\net.dll
0x00007ffef0090000 - 0x00007ffef0266000 	C:\WINDOWS\SYSTEM32\urlmon.dll
0x00007ffeefde0000 - 0x00007ffef0086000 	C:\WINDOWS\SYSTEM32\iertutil.dll
0x00007ffefe120000 - 0x00007ffefe12c000 	C:\WINDOWS\SYSTEM32\CRYPTBASE.DLL
0x00007ffefdf50000 - 0x00007ffefdfb7000 	C:\WINDOWS\system32\mswsock.dll
0x00007ffed7f80000 - 0x00007ffed7f93000 	D:\Program Files\Android\Android Studio\jre\jre\bin\nio.dll
0x00007ffed6640000 - 0x00007ffed6666000 	C:\Users\Huawei\.gradle\native\30\windows-amd64\native-platform.dll
0x00007ffee1e70000 - 0x00007ffee1e7d000 	D:\Program Files\Android\Android Studio\jre\jre\bin\management.dll
0x00007ffefdac0000 - 0x00007ffefdaf3000 	C:\WINDOWS\system32\rsaenh.dll
0x00007ffefe7b0000 - 0x00007ffefe7d6000 	C:\WINDOWS\System32\bcrypt.dll
0x00007ffefe5d0000 - 0x00007ffefe5f5000 	C:\WINDOWS\SYSTEM32\USERENV.dll
0x00007ffefdc60000 - 0x00007ffefdc9a000 	C:\WINDOWS\SYSTEM32\IPHLPAPI.DLL
0x00007fff00640000 - 0x00007fff00648000 	C:\WINDOWS\System32\NSI.dll
0x00007ffef11d0000 - 0x00007ffef11e6000 	C:\WINDOWS\SYSTEM32\dhcpcsvc6.DLL
0x00007ffef3af0000 - 0x00007ffef3b0c000 	C:\WINDOWS\SYSTEM32\dhcpcsvc.DLL
0x00007ffefdca0000 - 0x00007ffefdd6b000 	C:\WINDOWS\SYSTEM32\DNSAPI.dll

VM Arguments:
jvm_args: -Xmx1536m -Dfile.encoding=windows-1252 -Duser.country=US -Duser.language=en -Duser.variant 
java_command: org.gradle.launcher.daemon.bootstrap.GradleDaemon 5.6.4
java_class_path (initial): C:\Users\Huawei\.gradle\wrapper\dists\gradle-5.6.4-all\ankdp27end7byghfw1q2sw75f\gradle-5.6.4\lib\gradle-launcher-5.6.4.jar
Launcher Type: SUN_STANDARD

Environment Variables:
JAVA_HOME=D:\Program Files\Java\jdk-13.0.2
PATH=C:\Program Files\Python38\Scripts\;C:\Program Files\Python38\;C:\Program Files (x86)\Common Files\Oracle\Java\javapath;C:\ProgramData\Oracle\Java\javapath;C:\WINDOWS\system32;C:\WINDOWS;C:\WINDOWS\System32\Wbem;C:\WINDOWS\System32\WindowsPowerShell\v1.0\;C:\WINDOWS\System32\OpenSSH\;C:\Program Files\Intel\WiFi\bin\;C:\Program Files\Common Files\Intel\WirelessCommon\;C:\Program Files\dotnet\;C:\Program Files (x86)\Windows Kits\8.1\Windows Performance Toolkit\;C:\Program Files\Git\cmd;C:\Program Files\Git\mingw64\bin;C:\Program Files\Git\usr\bin;D:\Program Files\MATLAB\R2018a\runtime\win64;D:\Program Files\MATLAB\R2018a\bin;C:\Users\Huawei\AppData\Local\Programs\Python\Python38-32\Scripts\;C:\Users\Huawei\AppData\Local\Programs\Python\Python38-32\;C:\Users\Huawei\AppData\Local\Microsoft\WindowsApps;C:\Program Files\JetBrains\PyCharm Edu 2019.3.2\bin;D:\Program Files\JetBrains\PyCharm Community Edition 2019.3.3\bin;D:\Modeltech_pe_edu_10.4a\win32pe_edu;D:\altera\13.1\modelsim_ase\win32aloem
USERNAME=Huawei
OS=Windows_NT
PROCESSOR_IDENTIFIER=Intel64 Family 6 Model 142 Stepping 11, GenuineIntel



---------------  S Y S T E M  ---------------

OS: Windows 10.0 , 64 bit Build 18362 (10.0.18362.778)

CPU:total 8 (initial active 8) (4 cores per cpu, 2 threads per core) family 6 model 142 stepping 11, cmov, cx8, fxsr, mmx, sse, sse2, sse3, ssse3, sse4.1, sse4.2, popcnt, avx, avx2, aes, clmul, erms, 3dnowpref, lzcnt, ht, tsc, tscinvbit, bmi1, bmi2, adx

Memory: 4k page, physical 8230708k(761768k free), swap 18716464k(5988k free)

vm_info: OpenJDK 64-Bit Server VM (25.212-b04) for windows-amd64 JRE (1.8.0_212-release-1586-b04), built by "builder" with MS VC++ 10.0 (VS2010)

time: Fri May 29 02:46:03 2020
timezone: Egypt Standard Time
elapsed time: 42 seconds (0d 0h 0m 42s)

